<?xml version="1.0" encoding="UTF-8"?>
<!-- Generated by org.testng.reporters.JUnitReportReporter -->
<testsuite skipped="0" hostname="DESKTOP-GBUCELS" name="com.testng.features.Invocation_Demo" tests="5" failures="0" timestamp="2022-09-30T21:05:07 IST" time="0.188" errors="0">
  <testcase name="browserlaunch" time="0.172" classname="com.testng.features.Invocation_Demo"/>
  <system-out/>
  <testcase name="urlLaunch" time="0.016" classname="com.testng.features.Invocation_Demo"/>
  <system-out/>
  <testcase name="refersh" time="0.000" classname="com.testng.features.Invocation_Demo"/>
  <system-out/>
  <testcase name="refersh" time="0.000" classname="com.testng.features.Invocation_Demo"/>
  <system-out/>
  <testcase name="refersh" time="0.000" classname="com.testng.features.Invocation_Demo"/>
  <system-out/>
</testsuite> <!-- com.testng.features.Invocation_Demo -->
