<?xml version="1.0" encoding="UTF-8"?>
<!-- Generated by org.testng.reporters.JUnitReportReporter -->
<testsuite skipped="1" hostname="DESKTOP-GBUCELS" name="com.testng.features.Ignore_Demo" tests="7" failures="0" timestamp="2022-10-01T08:26:03 IST" time="0.062" errors="0">
  <testcase name="whatsapp" time="0.000" classname="com.testng.features.Ignore_Demo"/>
  <system-out/>
  <testcase name="youtube" time="0.000" classname="com.testng.features.Ignore_Demo"/>
  <system-out/>
  <testcase name="amazonprime" time="0.031" classname="com.testng.features.Ignore_Demo"/>
  <system-out/>
  <testcase name="google" time="0.016" classname="com.testng.features.Ignore_Demo"/>
  <system-out/>
  <testcase name="gmail" time="0.015" classname="com.testng.features.Ignore_Demo"/>
  <system-out/>
  <testcase name="twitter" time="0.000" classname="com.testng.features.Ignore_Demo"/>
  <system-out/>
  <testcase name="books" classname="com.testng.features.Ignore_Demo">
    <skipped/>
  </testcase> <!-- books -->
  <system-out/>
</testsuite> <!-- com.testng.features.Ignore_Demo -->
