<?xml version="1.0" encoding="UTF-8"?>
<!-- Generated by org.testng.reporters.JUnitReportReporter -->
<testsuite skipped="0" hostname="DESKTOP-GBUCELS" name="com.testng.features.Invocation_demo_Browser" tests="3" failures="0" timestamp="2022-09-30T21:35:49 IST" time="24.098" errors="0">
  <testcase name="urlLaunch" time="10.167" classname="com.testng.features.Invocation_demo_Browser"/>
  <system-out/>
  <testcase name="browserlaunch" time="6.669" classname="com.testng.features.Invocation_demo_Browser"/>
  <system-out/>
  <testcase name="refersh" time="7.262" classname="com.testng.features.Invocation_demo_Browser"/>
  <system-out/>
</testsuite> <!-- com.testng.features.Invocation_demo_Browser -->
