<?xml version="1.0" encoding="UTF-8"?>
<!-- Generated by org.testng.reporters.JUnitReportReporter -->
<testsuite skipped="0" hostname="DESKTOP-GBUCELS" name="com.testng.features.AmazonAnnotations" tests="4" failures="0" timestamp="2022-09-30T19:36:24 IST" time="0.198" errors="0">
  <testcase name="cont" time="0.016" classname="com.testng.features.AmazonAnnotations"/>
  <system-out/>
  <testcase name="email" time="0.031" classname="com.testng.features.AmazonAnnotations"/>
  <system-out/>
  <testcase name="password" time="0.023" classname="com.testng.features.AmazonAnnotations"/>
  <system-out/>
  <testcase name="ClickSubmitbtn" time="0.128" classname="com.testng.features.AmazonAnnotations"/>
  <system-out/>
</testsuite> <!-- com.testng.features.AmazonAnnotations -->
