<?xml version="1.0" encoding="UTF-8"?>
<!-- Generated by org.testng.reporters.JUnitReportReporter -->
<testsuite skipped="0" hostname="DESKTOP-GBUCELS" name="com.testng.features.Invocations_Demo" tests="3" failures="0" timestamp="2022-09-30T21:25:34 IST" time="0.330" errors="0">
  <testcase name="browserlaunch" time="0.204" classname="com.testng.features.Invocations_Demo"/>
  <system-out/>
  <testcase name="urlLaunch" time="0.016" classname="com.testng.features.Invocations_Demo"/>
  <system-out/>
  <testcase name="refersh" time="0.110" classname="com.testng.features.Invocations_Demo"/>
  <system-out/>
</testsuite> <!-- com.testng.features.Invocations_Demo -->
