<?xml version="1.0" encoding="UTF-8"?>
<!-- Generated by org.testng.reporters.JUnitReportReporter -->
<testsuite skipped="0" hostname="DESKTOP-GBUCELS" name="com.testng.features.Priority_Demo" tests="5" failures="0" timestamp="2022-09-30T20:37:32 IST" time="0.203" errors="0">
  <testcase name="sslc" time="0.156" classname="com.testng.features.Priority_Demo"/>
  <system-out/>
  <testcase name="hsc" time="0.016" classname="com.testng.features.Priority_Demo"/>
  <system-out/>
  <testcase name="ug" time="0.000" classname="com.testng.features.Priority_Demo"/>
  <system-out/>
  <testcase name="pg" time="0.015" classname="com.testng.features.Priority_Demo"/>
  <system-out/>
  <testcase name="at" time="0.016" classname="com.testng.features.Priority_Demo"/>
  <system-out/>
</testsuite> <!-- com.testng.features.Priority_Demo -->
