<?xml version="1.0" encoding="UTF-8"?>
<!-- Generated by org.testng.reporters.JUnitReportReporter -->
<testsuite skipped="0" hostname="DESKTOP-GBUCELS" name="com.testng.features.Annotations" tests="3" failures="0" timestamp="2022-09-29T16:57:50 IST" time="0.282" errors="0">
  <testcase name="morningdress" time="0.000" classname="com.testng.features.Annotations"/>
  <system-out/>
  <testcase name="t_shirts" time="0.016" classname="com.testng.features.Annotations"/>
  <system-out/>
  <testcase name="eveningdress" time="0.266" classname="com.testng.features.Annotations"/>
  <system-out/>
</testsuite> <!-- com.testng.features.Annotations -->
