<?xml version="1.0" encoding="UTF-8"?>
<!-- Generated by org.testng.reporters.JUnitReportReporter -->
<testsuite skipped="0" hostname="DESKTOP-GBUCELS" name="com.testng.features.Depends_On_Methods" tests="3" failures="0" timestamp="2022-09-30T22:40:32 IST" time="0.145" errors="0">
  <testcase name="laptop" time="0.134" classname="com.testng.features.Depends_On_Methods"/>
  <system-out/>
  <testcase name="zebronics" time="0.000" classname="com.testng.features.Depends_On_Methods"/>
  <system-out/>
  <testcase name="offer" time="0.011" classname="com.testng.features.Depends_On_Methods"/>
  <system-out/>
</testsuite> <!-- com.testng.features.Depends_On_Methods -->
