<?xml version="1.0" encoding="UTF-8"?>
<!-- Generated by org.testng.reporters.JUnitReportReporter -->
<testsuite skipped="0" hostname="DESKTOP-GBUCELS" name="com.testng.features.Description_Demo" tests="3" failures="0" timestamp="2022-09-30T21:58:42 IST" time="0.225" errors="0">
  <testcase name="urlLaunch" time="0.007" classname="com.testng.features.Description_Demo"/>
  <system-out/>
  <testcase name="browserlaunch" time="0.202" classname="com.testng.features.Description_Demo"/>
  <system-out/>
  <testcase name="refersh" time="0.016" classname="com.testng.features.Description_Demo"/>
  <system-out/>
</testsuite> <!-- com.testng.features.Description_Demo -->
